<?xml version="1.0" encoding="UTF-8"?>
<!-- Generated by org.testng.reporters.JUnitReportReporter -->
<testsuite hostname="DESKTOP-K5QR6PC" failures="0" tests="1" name="AutomationPractice.AutomationPractice.App" time="17.476" errors="0" timestamp="2024-07-31T21:40:50 IST" skipped="0">
  <testcase classname="AutomationPractice.AutomationPractice.App" name="test" time="17.476"/>
  <system-out/>
</testsuite> <!-- AutomationPractice.AutomationPractice.App -->
