<?xml version="1.0" encoding="UTF-8"?>
<!-- Generated by org.testng.reporters.JUnitReportReporter -->
<testsuite hostname="DESKTOP-K5QR6PC" failures="0" tests="1" name="testcases.TC_LoginFunctionality" time="4.801" errors="0" timestamp="2024-08-02T09:25:42 IST" skipped="0">
  <testcase classname="testcases.TC_LoginFunctionality" name="validate_error_message_on_invalid_login" time="4.801"/>
  <system-out/>
</testsuite> <!-- testcases.TC_LoginFunctionality -->
