<?xml version="1.0" encoding="UTF-8"?>
<!-- Generated by org.testng.reporters.JUnitReportReporter -->
<testsuite hostname="DESKTOP-K5QR6PC" failures="0" tests="1" name="testcases.B" time="0.008" errors="0" timestamp="2024-08-01T12:35:57 IST" skipped="0">
  <testcase classname="testcases.B" name="test" time="0.008"/>
  <system-out/>
</testsuite> <!-- testcases.B -->
