<?xml version="1.0" encoding="UTF-8"?>
<!-- Generated by org.testng.reporters.JUnitReportReporter -->
<testsuite hostname="DESKTOP-K5QR6PC" failures="0" tests="1" name="demopack.B" time="0.009" errors="0" timestamp="2024-08-01T12:37:59 IST" skipped="0">
  <testcase classname="demopack.B" name="test" time="0.009"/>
  <system-out/>
</testsuite> <!-- demopack.B -->
