<?xml version="1.0" encoding="UTF-8"?>
<!-- Generated by org.testng.reporters.JUnitReportReporter -->
<testsuite hostname="DESKTOP-K5QR6PC" failures="0" tests="1" name="testcases.TC_ProductPage" time="3.875" errors="0" timestamp="2024-08-06T21:54:53 IST" skipped="0">
  <testcase classname="testcases.TC_ProductPage" name="validate_if_image_displayed" time="3.875"/>
  <system-out/>
</testsuite> <!-- testcases.TC_ProductPage -->
